---------------------------------------------------------------
[ 2019-08-04T16:20:20+08:00 ] 127.0.0.1 GET /
[ info ] www.pyg.com/ [运行时间：2.124752s][吞吐率：0.47req/s] [内存消耗：4,880.69kb] [文件加载：62]
[ info ] [ LANG ] G:\wamp64\www\WWW\pyg\thinkphp\lang\zh-cn.php
[ info ] [ ROUTE ] array (
  'type' => 'module',
  'module' => 
  array (
    0 => '',
    1 => NULL,
    2 => NULL,
  ),
)
[ info ] [ HEADER ] array (
  'host' => 'www.pyg.com',
  'connection' => 'keep-alive',
  'upgrade-insecure-requests' => '1',
  'user-agent' => 'Mozilla/5.0 (Windows NT 10.0; Win64; x64) AppleWebKit/537.36 (KHTML, like Gecko) Chrome/75.0.3770.142 Safari/537.36',
  'accept' => 'text/html,application/xhtml+xml,application/xml;q=0.9,image/webp,image/apng,*/*;q=0.8,application/signed-exchange;v=b3',
  'accept-encoding' => 'gzip, deflate',
  'accept-language' => 'zh-CN,zh;q=0.9',
)
[ info ] [ PARAM ] array (
)
[ info ] [ DB ] INIT mysql
[ info ] [ SESSION ] INIT array (
  'id' => '',
  'var_session_id' => '',
  'prefix' => 'think',
  'type' => '',
  'auto_start' => true,
)
[ info ] [ RUN ] app\home\controller\Index->index[ G:\wamp64\www\WWW\pyg\application\home\controller\Index.php ]
[ info ] [ VIEW ] G:\wamp64\www\WWW\pyg\public/../application/home\view\index\index.html [ array (
  0 => 'category',
  1 => 'number',
  2 => 'lives',
) ]
[ info ] [ LOG ] INIT File
[ sql ] [ DB ] CONNECT:[ UseTime:0.122027s ] mysql:host=127.0.0.1;port=3306;dbname=pyg;charset=utf8
[ sql ] [ SQL ] SHOW COLUMNS FROM `pyg_category` [ RunTime:0.188336s ]
[ sql ] [ SQL ] SELECT * FROM `pyg_category` [ RunTime:0.009246s ]
[ sql ] [ SQL ] SHOW COLUMNS FROM `pyg_live` [ RunTime:0.030179s ]
[ sql ] [ SQL ] SELECT * FROM `pyg_live` ORDER BY `id` DESC LIMIT 6 [ RunTime:0.005029s ]
---------------------------------------------------------------
[ 2019-08-04T16:20:20+08:00 ] 127.0.0.1 GET /img/wx_cz.jpg
[ info ] www.pyg.com/img/wx_cz.jpg [运行时间：0.134957s][吞吐率：7.41req/s] [内存消耗：1,784.38kb] [文件加载：40]
[ info ] [ LANG ] G:\wamp64\www\WWW\pyg\thinkphp\lang\zh-cn.php
[ info ] [ ROUTE ] array (
  'type' => 'module',
  'module' => 
  array (
    0 => 'img',
    1 => 'wx_cz.jpg',
    2 => NULL,
  ),
)
[ info ] [ HEADER ] array (
  'host' => 'www.pyg.com',
  'connection' => 'keep-alive',
  'user-agent' => 'Mozilla/5.0 (Windows NT 10.0; Win64; x64) AppleWebKit/537.36 (KHTML, like Gecko) Chrome/75.0.3770.142 Safari/537.36',
  'accept' => 'image/webp,image/apng,image/*,*/*;q=0.8',
  'referer' => 'http://www.pyg.com/',
  'accept-encoding' => 'gzip, deflate',
  'accept-language' => 'zh-CN,zh;q=0.9',
  'cookie' => 'PHPSESSID=obqd6vad3emibpp6kqfvshp6d7',
)
[ info ] [ PARAM ] array (
  '/img/wx_cz_jpg' => '',
)
[ info ] [ LOG ] INIT File
